<?xml version="1.0" encoding="UTF-8"?>
<!-- Generated by org.testng.reporters.JUnitReportReporter -->
<testsuite name="testcase.SearchMobile" tests="1" time="24.903" ignored="0" failures="0" timestamp="19 May 2019 11:32:06 GMT" skipped="0" hostname="Radha-Basida" errors="0">
  <testcase name="login" time="24.903" classname="testcase.SearchMobile"/>
</testsuite> <!-- testcase.SearchMobile -->
